<?xml version="1.0" encoding="UTF-8"?>
<testsuite xmlns:xsi="http://www.w3.org/2001/XMLSchema-instance" xsi:noNamespaceSchemaLocation="https://maven.apache.org/surefire/maven-surefire-plugin/xsd/surefire-test-report-3.0.xsd" version="3.0" name="SimpeTest" time="1.058" tests="1" errors="0" skipped="0" failures="0">
  <properties>
    <property name="sun.desktop" value="windows"/>
    <property name="awt.toolkit" value="sun.awt.windows.WToolkit"/>
    <property name="java.specification.version" value="11"/>
    <property name="sun.cpu.isalist" value="amd64"/>
    <property name="sun.jnu.encoding" value="Cp1251"/>
    <property name="java.class.path" value="C:\Users\inet\Desktop\ВУЗ\6 семестр\Тестирование\Lab5\target\test-classes;C:\Users\inet\Desktop\ВУЗ\6 семестр\Тестирование\Lab5\target\classes;C:\Users\inet\.m2\repository\org\testng\testng\6.8\testng-6.8.jar;C:\Users\inet\.m2\repository\junit\junit\4.10\junit-4.10.jar;C:\Users\inet\.m2\repository\org\hamcrest\hamcrest-core\1.1\hamcrest-core-1.1.jar;C:\Users\inet\.m2\repository\org\beanshell\bsh\2.0b4\bsh-2.0b4.jar;C:\Users\inet\.m2\repository\com\beust\jcommander\1.27\jcommander-1.27.jar;C:\Users\inet\.m2\repository\org\yaml\snakeyaml\1.6\snakeyaml-1.6.jar;"/>
    <property name="java.vm.vendor" value="JetBrains s.r.o"/>
    <property name="sun.arch.data.model" value="64"/>
    <property name="user.variant" value=""/>
    <property name="java.vendor.url" value="https://www.jetbrains.com/"/>
    <property name="user.timezone" value="GMT+04:00"/>
    <property name="java.vm.specification.version" value="11"/>
    <property name="os.name" value="Windows 10"/>
    <property name="sun.java.launcher" value="SUN_STANDARD"/>
    <property name="user.country" value="RU"/>
    <property name="sun.boot.library.path" value="C:\Program Files\JetBrains\IntelliJ IDEA Community Edition 2019.3.4\jbr\bin"/>
    <property name="sun.java.command" value="C:\Users\inet\AppData\Local\Temp\surefire15892463832341619344\surefirebooter6573550676248215258.jar C:\Users\inet\AppData\Local\Temp\surefire15892463832341619344 2020-05-12T15-53-46_632-jvmRun1 surefire6077867590707928269tmp surefire_05057374461755280974tmp"/>
    <property name="jdk.debug" value="release"/>
    <property name="surefire.test.class.path" value="C:\Users\inet\Desktop\ВУЗ\6 семестр\Тестирование\Lab5\target\test-classes;C:\Users\inet\Desktop\ВУЗ\6 семестр\Тестирование\Lab5\target\classes;C:\Users\inet\.m2\repository\org\testng\testng\6.8\testng-6.8.jar;C:\Users\inet\.m2\repository\junit\junit\4.10\junit-4.10.jar;C:\Users\inet\.m2\repository\org\hamcrest\hamcrest-core\1.1\hamcrest-core-1.1.jar;C:\Users\inet\.m2\repository\org\beanshell\bsh\2.0b4\bsh-2.0b4.jar;C:\Users\inet\.m2\repository\com\beust\jcommander\1.27\jcommander-1.27.jar;C:\Users\inet\.m2\repository\org\yaml\snakeyaml\1.6\snakeyaml-1.6.jar;"/>
    <property name="sun.cpu.endian" value="little"/>
    <property name="user.home" value="C:\Users\inet"/>
    <property name="user.language" value="ru"/>
    <property name="java.specification.vendor" value="Oracle Corporation"/>
    <property name="java.version.date" value="2020-01-14"/>
    <property name="java.home" value="C:\Program Files\JetBrains\IntelliJ IDEA Community Edition 2019.3.4\jbr"/>
    <property name="file.separator" value="\"/>
    <property name="basedir" value="C:\Users\inet\Desktop\ВУЗ\6 семестр\Тестирование\Lab5"/>
    <property name="java.vm.compressedOopsMode" value="32-bit"/>
    <property name="line.separator" value="&#10;"/>
    <property name="java.specification.name" value="Java Platform API Specification"/>
    <property name="java.vm.specification.vendor" value="Oracle Corporation"/>
    <property name="java.awt.graphicsenv" value="sun.awt.Win32GraphicsEnvironment"/>
    <property name="surefire.real.class.path" value="C:\Users\inet\AppData\Local\Temp\surefire15892463832341619344\surefirebooter6573550676248215258.jar"/>
    <property name="user.script" value=""/>
    <property name="sun.management.compiler" value="HotSpot 64-Bit Tiered Compilers"/>
    <property name="java.runtime.version" value="11.0.6+8-b520.43"/>
    <property name="user.name" value="inet"/>
    <property name="path.separator" value=";"/>
    <property name="os.version" value="10.0"/>
    <property name="java.runtime.name" value="OpenJDK Runtime Environment"/>
    <property name="file.encoding" value="Cp1251"/>
    <property name="java.vm.name" value="OpenJDK 64-Bit Server VM"/>
    <property name="localRepository" value="C:\Users\inet\.m2\repository"/>
    <property name="java.vendor.url.bug" value="https://youtrack.jetbrains.com"/>
    <property name="java.io.tmpdir" value="C:\Users\inet\AppData\Local\Temp\"/>
    <property name="java.version" value="11.0.6"/>
    <property name="user.dir" value="C:\Users\inet\Desktop\ВУЗ\6 семестр\Тестирование\Lab5"/>
    <property name="os.arch" value="amd64"/>
    <property name="java.vm.specification.name" value="Java Virtual Machine Specification"/>
    <property name="java.awt.printerjob" value="sun.awt.windows.WPrinterJob"/>
    <property name="sun.os.patch.level" value=""/>
    <property name="idea.version2019.3.4" value="true"/>
    <property name="java.library.path" value="C:\Program Files\JetBrains\IntelliJ IDEA Community Edition 2019.3.4\jbr\bin;C:\Windows\Sun\Java\bin;C:\Windows\system32;C:\Windows;C:\Python38\Scripts\;C:\Python38\;C:\Program Files\IBM\WebSphere\AppClient\bin;C:\Program Files\IBM\WebSphere\AppClient\java\8.0\jre\bin;C:\Program Files\IBM\WebSphere\AppClient\java\8.0\jre\bin\j9vm;C:\Program Files (x86)\Common Files\Oracle\Java\javapath;C:\Windows\system32;C:\Windows;C:\Windows\System32\Wbem;C:\Windows\System32\WindowsPowerShell\v1.0\;C:\Windows\System32\OpenSSH\;C:\Program Files (x86)\NVIDIA Corporation\PhysX\Common;C:\Program Files\dotnet\;C:\Program Files\Common Files\Autodesk Shared\;C:\Program Files (x86)\Autodesk\Backburner\;c:\Program Files (x86)\Microsoft SQL Server\90\Tools\binn\;C:\Program Files\nodejs\;C:\ProgramData\chocolatey\bin;C:\Users\inet\AppData\Local\Microsoft\WindowsApps;C:\Users\inet\.dotnet\tools;C:\Users\inet\AppData\Roaming\npm;."/>
    <property name="java.vendor" value="JetBrains s.r.o"/>
    <property name="java.vm.info" value="mixed mode, sharing"/>
    <property name="java.vm.version" value="11.0.6+8-b520.43"/>
    <property name="sun.io.unicode.encoding" value="UnicodeLittle"/>
    <property name="java.class.version" value="55.0"/>
  </properties>
  <testcase name="testAdd" classname="SimpeTest" time="0.011"/>
</testsuite>