<?xml version="1.0" encoding="UTF-8"?>
<!-- Generated by org.testng.reporters.JUnitReportReporter -->
<testsuite hostname="DESKTOP-95LDBE3" failures="0" tests="3" name="pack.SimpleTests" time="0.014" errors="0" timestamp="12 May 2020 12:06:54 GMT">
  <testcase classname="pack.SimpleTests" name="ThirdTest" time="0.002"/>
  <testcase classname="pack.SimpleTests" name="FirstTest" time="0.011"/>
  <testcase classname="pack.SimpleTests" name="SecondTest" time="0.001"/>
</testsuite> <!-- pack.SimpleTests -->
