<?xml version="1.0" encoding="UTF-8"?>
<!-- Generated by org.testng.reporters.JUnitReportReporter -->
<testsuite hostname="DESKTOP-95LDBE3" failures="0" tests="1" name="SimpeTest" time="0.011" errors="0" timestamp="12 May 2020 11:53:48 GMT">
  <testcase classname="SimpeTest" name="testAdd" time="0.011"/>
</testsuite> <!-- SimpeTest -->
